<?xml version="1.0" encoding="UTF-8"?>
<!-- Generated by org.testng.reporters.JUnitReportReporter -->
<testsuite hostname="MATPUNDTD405" name="com.Capita.AutomationDemo.testscripts.TestLoginThroughDataProvider" tests="5" failures="0" timestamp="12 Apr 2018 12:41:19 GMT" time="110.977" errors="0">
  <testcase name="TestLoginWithDataProvider" time="22.564" classname="com.Capita.AutomationDemo.testscripts.TestLoginThroughDataProvider"/>
  <testcase name="TestLoginWithDataProvider" time="21.550" classname="com.Capita.AutomationDemo.testscripts.TestLoginThroughDataProvider"/>
  <testcase name="TestLoginWithDataProvider" time="21.278" classname="com.Capita.AutomationDemo.testscripts.TestLoginThroughDataProvider"/>
  <testcase name="TestLoginWithDataProvider" time="21.139" classname="com.Capita.AutomationDemo.testscripts.TestLoginThroughDataProvider"/>
  <testcase name="TestLoginWithDataProvider" time="24.446" classname="com.Capita.AutomationDemo.testscripts.TestLoginThroughDataProvider"/>
</testsuite> <!-- com.Capita.AutomationDemo.testscripts.TestLoginThroughDataProvider -->
